Tue Nov 03 2015 18:09:51 GMT+0800 (CST)
Cannot find module '/path/to/your/config.json'
Error: Cannot find module '/path/to/your/config.json'
    at Function.Module._resolveFilename (module.js:337:15)
    at Function.Module._load (module.js:287:25)
    at Module.require (module.js:366:17)
    at require (module.js:385:17)
    at readConfig (/root/.tnvm/versions/alinode/v1.0.1/lib/node_modules/agentx/client.js:7:13)
    at Object.<anonymous> (/root/.tnvm/versions/alinode/v1.0.1/lib/node_modules/agentx/client.js:37:23)
    at Module._compile (module.js:435:26)
    at Object.Module._extensions..js (module.js:442:10)
    at Module.load (module.js:356:32)
    at Function.Module._load (module.js:311:12)
[Tue Nov 03 2015 18:09:51 GMT+0800 (CST)] [client:5804] new client start
[Tue Nov 03 2015 18:09:51 GMT+0800 (CST)] [5794] client:5799 disconnect, suicide: undefined.
Tue Nov 03 2015 18:09:51 GMT+0800 (CST)
Cannot find module '/path/to/your/config.json'
Error: Cannot find module '/path/to/your/config.json'
    at Function.Module._resolveFilename (module.js:337:15)
    at Function.Module._load (module.js:287:25)
    at Module.require (module.js:366:17)
    at require (module.js:385:17)
    at readConfig (/root/.tnvm/versions/alinode/v1.0.1/lib/node_modules/agentx/client.js:7:13)
    at Object.<anonymous> (/root/.tnvm/versions/alinode/v1.0.1/lib/node_modules/agentx/client.js:37:23)
    at Module._compile (module.js:435:26)
    at Object.Module._extensions..js (module.js:442:10)
    at Module.load (module.js:356:32)
    at Function.Module._load (module.js:311:12)
[Tue Nov 03 2015 18:09:51 GMT+0800 (CST)] [client:5809] new client start
[Tue Nov 03 2015 18:09:51 GMT+0800 (CST)] [5794] client:5804 disconnect, suicide: undefined.
Tue Nov 03 2015 18:09:51 GMT+0800 (CST)
Cannot find module '/path/to/your/config.json'
Error: Cannot find module '/path/to/your/config.json'
    at Function.Module._resolveFilename (module.js:337:15)
    at Function.Module._load (module.js:287:25)
    at Module.require (module.js:366:17)
    at require (module.js:385:17)
    at readConfig (/root/.tnvm/versions/alinode/v1.0.1/lib/node_modules/agentx/client.js:7:13)
    at Object.<anonymous> (/root/.tnvm/versions/alinode/v1.0.1/lib/node_modules/agentx/client.js:37:23)
    at Module._compile (module.js:435:26)
    at Object.Module._extensions..js (module.js:442:10)
    at Module.load (module.js:356:32)
    at Function.Module._load (module.js:311:12)
[Tue Nov 03 2015 18:09:51 GMT+0800 (CST)] [client:5814] new client start
[Tue Nov 03 2015 18:09:51 GMT+0800 (CST)] [5794] client:5809 disconnect, suicide: undefined.
Tue Nov 03 2015 18:09:51 GMT+0800 (CST)
Cannot find module '/path/to/your/config.json'
Error: Cannot find module '/path/to/your/config.json'
    at Function.Module._resolveFilename (module.js:337:15)
    at Function.Module._load (module.js:287:25)
    at Module.require (module.js:366:17)
    at require (module.js:385:17)
    at readConfig (/root/.tnvm/versions/alinode/v1.0.1/lib/node_modules/agentx/client.js:7:13)
    at Object.<anonymous> (/root/.tnvm/versions/alinode/v1.0.1/lib/node_modules/agentx/client.js:37:23)
    at Module._compile (module.js:435:26)
    at Object.Module._extensions..js (module.js:442:10)
    at Module.load (module.js:356:32)
    at Function.Module._load (module.js:311:12)
[Tue Nov 03 2015 18:09:51 GMT+0800 (CST)] [client:5819] new client start
[Tue Nov 03 2015 18:09:51 GMT+0800 (CST)] [5794] client:5814 disconnect, suicide: undefined.
Tue Nov 03 2015 18:09:51 GMT+0800 (CST)
Cannot find module '/path/to/your/config.json'
Error: Cannot find module '/path/to/your/config.json'
    at Function.Module._resolveFilename (module.js:337:15)
    at Function.Module._load (module.js:287:25)
    at Module.require (module.js:366:17)
    at require (module.js:385:17)
    at readConfig (/root/.tnvm/versions/alinode/v1.0.1/lib/node_modules/agentx/client.js:7:13)
    at Object.<anonymous> (/root/.tnvm/versions/alinode/v1.0.1/lib/node_modules/agentx/client.js:37:23)
    at Module._compile (module.js:435:26)
    at Object.Module._extensions..js (module.js:442:10)
    at Module.load (module.js:356:32)
    at Function.Module._load (module.js:311:12)
[Tue Nov 03 2015 18:09:51 GMT+0800 (CST)] [client:5824] new client start
[Tue Nov 03 2015 18:09:51 GMT+0800 (CST)] [5794] client:5819 disconnect, suicide: undefined.
Tue Nov 03 2015 18:09:52 GMT+0800 (CST)
Cannot find module '/path/to/your/config.json'
Error: Cannot find module '/path/to/your/config.json'
    at Function.Module._resolveFilename (module.js:337:15)
    at Function.Module._load (module.js:287:25)
    at Module.require (module.js:366:17)
    at require (module.js:385:17)
    at readConfig (/root/.tnvm/versions/alinode/v1.0.1/lib/node_modules/agentx/client.js:7:13)
    at Object.<anonymous> (/root/.tnvm/versions/alinode/v1.0.1/lib/node_modules/agentx/client.js:37:23)
    at Module._compile (module.js:435:26)
    at Object.Module._extensions..js (module.js:442:10)
    at Module.load (module.js:356:32)
    at Function.Module._load (module.js:311:12)
[Tue Nov 03 2015 18:09:52 GMT+0800 (CST)] [client:5829] new client start
[Tue Nov 03 2015 18:09:52 GMT+0800 (CST)] [5794] client:5824 disconnect, suicide: undefined.
Tue Nov 03 2015 18:09:52 GMT+0800 (CST)
Cannot find module '/path/to/your/config.json'
Error: Cannot find module '/path/to/your/config.json'
    at Function.Module._resolveFilename (module.js:337:15)
    at Function.Module._load (module.js:287:25)
    at Module.require (module.js:366:17)
    at require (module.js:385:17)
    at readConfig (/root/.tnvm/versions/alinode/v1.0.1/lib/node_modules/agentx/client.js:7:13)
    at Object.<anonymous> (/root/.tnvm/versions/alinode/v1.0.1/lib/node_modules/agentx/client.js:37:23)
    at Module._compile (module.js:435:26)
    at Object.Module._extensions..js (module.js:442:10)
    at Module.load (module.js:356:32)
    at Function.Module._load (module.js:311:12)
[Tue Nov 03 2015 18:09:52 GMT+0800 (CST)] [client:5834] new client start
[Tue Nov 03 2015 18:09:52 GMT+0800 (CST)] [5794] client:5829 disconnect, suicide: undefined.
Tue Nov 03 2015 18:09:52 GMT+0800 (CST)
Cannot find module '/path/to/your/config.json'
Error: Cannot find module '/path/to/your/config.json'
    at Function.Module._resolveFilename (module.js:337:15)
    at Function.Module._load (module.js:287:25)
    at Module.require (module.js:366:17)
    at require (module.js:385:17)
    at readConfig (/root/.tnvm/versions/alinode/v1.0.1/lib/node_modules/agentx/client.js:7:13)
    at Object.<anonymous> (/root/.tnvm/versions/alinode/v1.0.1/lib/node_modules/agentx/client.js:37:23)
    at Module._compile (module.js:435:26)
    at Object.Module._extensions..js (module.js:442:10)
    at Module.load (module.js:356:32)
    at Function.Module._load (module.js:311:12)
[Tue Nov 03 2015 18:09:52 GMT+0800 (CST)] [client:5839] new client start
[Tue Nov 03 2015 18:09:52 GMT+0800 (CST)] [5794] client:5834 disconnect, suicide: undefined.
Tue Nov 03 2015 18:09:52 GMT+0800 (CST)
Cannot find module '/path/to/your/config.json'
Error: Cannot find module '/path/to/your/config.json'
    at Function.Module._resolveFilename (module.js:337:15)
    at Function.Module._load (module.js:287:25)
    at Module.require (module.js:366:17)
    at require (module.js:385:17)
    at readConfig (/root/.tnvm/versions/alinode/v1.0.1/lib/node_modules/agentx/client.js:7:13)
    at Object.<anonymous> (/root/.tnvm/versions/alinode/v1.0.1/lib/node_modules/agentx/client.js:37:23)
    at Module._compile (module.js:435:26)
    at Object.Module._extensions..js (module.js:442:10)
    at Module.load (module.js:356:32)
    at Function.Module._load (module.js:311:12)
[Tue Nov 03 2015 18:09:52 GMT+0800 (CST)] [5794] client:5839 disconnect, suicide: undefined.
Tue Nov 03 2015 18:10:17 GMT+0800 (CST)
Cannot find module '/path/to/your/config.json'
Error: Cannot find module '/path/to/your/config.json'
    at Function.Module._resolveFilename (module.js:337:15)
    at Function.Module._load (module.js:287:25)
    at Module.require (module.js:366:17)
    at require (module.js:385:17)
    at readConfig (/root/.tnvm/versions/alinode/v1.0.1/lib/node_modules/agentx/client.js:7:13)
    at Object.<anonymous> (/root/.tnvm/versions/alinode/v1.0.1/lib/node_modules/agentx/client.js:37:23)
    at Module._compile (module.js:435:26)
    at Object.Module._extensions..js (module.js:442:10)
    at Module.load (module.js:356:32)
    at Function.Module._load (module.js:311:12)
[Tue Nov 03 2015 18:10:17 GMT+0800 (CST)] [client:5854] new client start
[Tue Nov 03 2015 18:10:17 GMT+0800 (CST)] [5844] client:5849 disconnect, suicide: undefined.
Tue Nov 03 2015 18:10:17 GMT+0800 (CST)
Cannot find module '/path/to/your/config.json'
Error: Cannot find module '/path/to/your/config.json'
    at Function.Module._resolveFilename (module.js:337:15)
    at Function.Module._load (module.js:287:25)
    at Module.require (module.js:366:17)
    at require (module.js:385:17)
    at readConfig (/root/.tnvm/versions/alinode/v1.0.1/lib/node_modules/agentx/client.js:7:13)
    at Object.<anonymous> (/root/.tnvm/versions/alinode/v1.0.1/lib/node_modules/agentx/client.js:37:23)
    at Module._compile (module.js:435:26)
    at Object.Module._extensions..js (module.js:442:10)
    at Module.load (module.js:356:32)
    at Function.Module._load (module.js:311:12)
[Tue Nov 03 2015 18:10:17 GMT+0800 (CST)] [client:5859] new client start
[Tue Nov 03 2015 18:10:17 GMT+0800 (CST)] [5844] client:5854 disconnect, suicide: undefined.
Tue Nov 03 2015 18:10:17 GMT+0800 (CST)
Cannot find module '/path/to/your/config.json'
Error: Cannot find module '/path/to/your/config.json'
    at Function.Module._resolveFilename (module.js:337:15)
    at Function.Module._load (module.js:287:25)
    at Module.require (module.js:366:17)
    at require (module.js:385:17)
    at readConfig (/root/.tnvm/versions/alinode/v1.0.1/lib/node_modules/agentx/client.js:7:13)
    at Object.<anonymous> (/root/.tnvm/versions/alinode/v1.0.1/lib/node_modules/agentx/client.js:37:23)
    at Module._compile (module.js:435:26)
    at Object.Module._extensions..js (module.js:442:10)
    at Module.load (module.js:356:32)
    at Function.Module._load (module.js:311:12)
[Tue Nov 03 2015 18:10:17 GMT+0800 (CST)] [client:5864] new client start
[Tue Nov 03 2015 18:10:17 GMT+0800 (CST)] [5844] client:5859 disconnect, suicide: undefined.
Tue Nov 03 2015 18:10:17 GMT+0800 (CST)
Cannot find module '/path/to/your/config.json'
Error: Cannot find module '/path/to/your/config.json'
    at Function.Module._resolveFilename (module.js:337:15)
    at Function.Module._load (module.js:287:25)
    at Module.require (module.js:366:17)
    at require (module.js:385:17)
    at readConfig (/root/.tnvm/versions/alinode/v1.0.1/lib/node_modules/agentx/client.js:7:13)
    at Object.<anonymous> (/root/.tnvm/versions/alinode/v1.0.1/lib/node_modules/agentx/client.js:37:23)
    at Module._compile (module.js:435:26)
    at Object.Module._extensions..js (module.js:442:10)
    at Module.load (module.js:356:32)
    at Function.Module._load (module.js:311:12)
[Tue Nov 03 2015 18:10:17 GMT+0800 (CST)] [client:5869] new client start
[Tue Nov 03 2015 18:10:17 GMT+0800 (CST)] [5844] client:5864 disconnect, suicide: undefined.
Tue Nov 03 2015 18:10:17 GMT+0800 (CST)
Cannot find module '/path/to/your/config.json'
Error: Cannot find module '/path/to/your/config.json'
    at Function.Module._resolveFilename (module.js:337:15)
    at Function.Module._load (module.js:287:25)
    at Module.require (module.js:366:17)
    at require (module.js:385:17)
    at readConfig (/root/.tnvm/versions/alinode/v1.0.1/lib/node_modules/agentx/client.js:7:13)
    at Object.<anonymous> (/root/.tnvm/versions/alinode/v1.0.1/lib/node_modules/agentx/client.js:37:23)
    at Module._compile (module.js:435:26)
    at Object.Module._extensions..js (module.js:442:10)
    at Module.load (module.js:356:32)
    at Function.Module._load (module.js:311:12)
[Tue Nov 03 2015 18:10:17 GMT+0800 (CST)] [client:5874] new client start
[Tue Nov 03 2015 18:10:17 GMT+0800 (CST)] [5844] client:5869 disconnect, suicide: undefined.
Tue Nov 03 2015 18:10:18 GMT+0800 (CST)
Cannot find module '/path/to/your/config.json'
Error: Cannot find module '/path/to/your/config.json'
    at Function.Module._resolveFilename (module.js:337:15)
    at Function.Module._load (module.js:287:25)
    at Module.require (module.js:366:17)
    at require (module.js:385:17)
    at readConfig (/root/.tnvm/versions/alinode/v1.0.1/lib/node_modules/agentx/client.js:7:13)
    at Object.<anonymous> (/root/.tnvm/versions/alinode/v1.0.1/lib/node_modules/agentx/client.js:37:23)
    at Module._compile (module.js:435:26)
    at Object.Module._extensions..js (module.js:442:10)
    at Module.load (module.js:356:32)
    at Function.Module._load (module.js:311:12)
[Tue Nov 03 2015 18:10:18 GMT+0800 (CST)] [client:5879] new client start
[Tue Nov 03 2015 18:10:18 GMT+0800 (CST)] [5844] client:5874 disconnect, suicide: undefined.
Tue Nov 03 2015 18:10:18 GMT+0800 (CST)
Cannot find module '/path/to/your/config.json'
Error: Cannot find module '/path/to/your/config.json'
    at Function.Module._resolveFilename (module.js:337:15)
    at Function.Module._load (module.js:287:25)
    at Module.require (module.js:366:17)
    at require (module.js:385:17)
    at readConfig (/root/.tnvm/versions/alinode/v1.0.1/lib/node_modules/agentx/client.js:7:13)
    at Object.<anonymous> (/root/.tnvm/versions/alinode/v1.0.1/lib/node_modules/agentx/client.js:37:23)
    at Module._compile (module.js:435:26)
    at Object.Module._extensions..js (module.js:442:10)
    at Module.load (module.js:356:32)
    at Function.Module._load (module.js:311:12)
[Tue Nov 03 2015 18:10:18 GMT+0800 (CST)] [client:5884] new client start
[Tue Nov 03 2015 18:10:18 GMT+0800 (CST)] [5844] client:5879 disconnect, suicide: undefined.
Tue Nov 03 2015 18:10:18 GMT+0800 (CST)
Cannot find module '/path/to/your/config.json'
Error: Cannot find module '/path/to/your/config.json'
    at Function.Module._resolveFilename (module.js:337:15)
    at Function.Module._load (module.js:287:25)
    at Module.require (module.js:366:17)
    at require (module.js:385:17)
    at readConfig (/root/.tnvm/versions/alinode/v1.0.1/lib/node_modules/agentx/client.js:7:13)
    at Object.<anonymous> (/root/.tnvm/versions/alinode/v1.0.1/lib/node_modules/agentx/client.js:37:23)
    at Module._compile (module.js:435:26)
    at Object.Module._extensions..js (module.js:442:10)
    at Module.load (module.js:356:32)
    at Function.Module._load (module.js:311:12)
[Tue Nov 03 2015 18:10:18 GMT+0800 (CST)] [client:5889] new client start
[Tue Nov 03 2015 18:10:18 GMT+0800 (CST)] [5844] client:5884 disconnect, suicide: undefined.
Tue Nov 03 2015 18:10:18 GMT+0800 (CST)
Cannot find module '/path/to/your/config.json'
Error: Cannot find module '/path/to/your/config.json'
    at Function.Module._resolveFilename (module.js:337:15)
    at Function.Module._load (module.js:287:25)
    at Module.require (module.js:366:17)
    at require (module.js:385:17)
    at readConfig (/root/.tnvm/versions/alinode/v1.0.1/lib/node_modules/agentx/client.js:7:13)
    at Object.<anonymous> (/root/.tnvm/versions/alinode/v1.0.1/lib/node_modules/agentx/client.js:37:23)
    at Module._compile (module.js:435:26)
    at Object.Module._extensions..js (module.js:442:10)
    at Module.load (module.js:356:32)
    at Function.Module._load (module.js:311:12)
[Tue Nov 03 2015 18:10:18 GMT+0800 (CST)] [5844] client:5889 disconnect, suicide: undefined.
